<?xml version="1.0" encoding="UTF-8"?>
<!-- Generated by org.testng.reporters.JUnitXMLReporter -->
<testsuite hostname="L0427" ignored="0" tests="3" failures="1" timestamp="2021-08-06T17:04:20 CEST" time="14.054" errors="0">
  <testcase name="LogIn" time="4.442" classname="BuzzTest"/>
  <testcase name="WriteAPost" time="2.654" classname="BuzzTest">
    <failure type="java.lang.AssertionError" message="The following asserts failed:
	Incorrect welcome message expected [true] but found [false]">
      <![CDATA[java.lang.AssertionError: The following asserts failed:
Incorrect welcome message expected [true] but found [false]
at BuzzTest.WriteAPost(BuzzTest.java:36)
at java.util.ArrayList.forEach(ArrayList.java:1257)
... Removed 33 stack frames]]>
    </failure>
  </testcase> <!-- WriteAPost -->
  <testcase name="LogOut" time="0.792" classname="BuzzTest"/>
</testsuite>
