<?xml version="1.0" encoding="UTF-8"?>
<!-- Generated by org.testng.reporters.JUnitXMLReporter -->
<testsuite hostname="L0427" ignored="0" tests="7" failures="1" timestamp="2021-09-23T18:35:31 CEST" time="18.184" errors="0">
  <testcase name="LogIn" time="4.854" classname="BuzzTest"/>
  <testcase name="itShouldBePossibleToWriteAPost" time="2.311" classname="BuzzTest">
    <skipped/>
  </testcase> <!-- itShouldBePossibleToWriteAPost -->
  <testcase name="itShouldBePossibleToWriteAPost" time="0.845" classname="BuzzTest">
    <skipped/>
  </testcase> <!-- itShouldBePossibleToWriteAPost -->
  <testcase name="itShouldBePossibleToWriteAPost" time="0.775" classname="BuzzTest">
    <skipped/>
  </testcase> <!-- itShouldBePossibleToWriteAPost -->
  <testcase name="itShouldBePossibleToWriteAPost" time="0.7" classname="BuzzTest">
    <failure type="java.lang.AssertionError" message="The following asserts failed:
	Incorrect welcome message expected [true] but found [false],
	Incorrect welcome message expected [true] but found [false],
	Incorrect welcome message expected [true] but found [false],
	Incorrect welcome message expected [true] but found [false]">
      <![CDATA[java.lang.AssertionError: The following asserts failed:
Incorrect welcome message expected [true] but found [false],
Incorrect welcome message expected [true] but found [false],
Incorrect welcome message expected [true] but found [false],
Incorrect welcome message expected [true] but found [false]
at BuzzTest.itShouldBePossibleToWriteAPost(BuzzTest.java:36)
at java.util.ArrayList.forEach(ArrayList.java:1257)
... Removed 33 stack frames]]>
    </failure>
  </testcase> <!-- itShouldBePossibleToWriteAPost -->
  <testcase name="LogOut" time="1.616" classname="BuzzTest">
    <skipped/>
  </testcase> <!-- LogOut -->
  <testcase name="LogOut" time="0.853" classname="BuzzTest"/>
</testsuite>
