<?xml version="1.0" encoding="UTF-8"?>
<testng-results ignored="0" total="3" passed="3" failed="0" skipped="0">
  <reporter-output>
  </reporter-output>
  <suite started-at="2021-06-10T17:49:56 CEST" name="Default Suite" finished-at="2021-06-10T17:50:16 CEST" duration-ms="20413">
    <groups>
    </groups>
    <test started-at="2021-06-10T17:49:56 CEST" name="HRProject" finished-at="2021-06-10T17:50:16 CEST" duration-ms="20413">
      <class name="PersonalInfoTestNG">
        <test-method is-config="true" signature="beforeTest()[pri:0, instance:PersonalInfoTestNG@5ef6ae06]" started-at="2021-06-10T17:49:56 CEST" name="beforeTest" finished-at="2021-06-10T17:50:04 CEST" duration-ms="8049" status="PASS">
          <reporter-output>
          </reporter-output>
        </test-method> <!-- beforeTest -->
        <test-method signature="LogIn()[pri:1, instance:PersonalInfoTestNG@5ef6ae06]" started-at="2021-06-10T17:50:04 CEST" name="LogIn" finished-at="2021-06-10T17:50:09 CEST" duration-ms="5523" status="PASS">
          <reporter-output>
          </reporter-output>
        </test-method> <!-- LogIn -->
        <test-method signature="PersonalInfo()[pri:2, instance:PersonalInfoTestNG@5ef6ae06]" started-at="2021-06-10T17:50:09 CEST" name="PersonalInfo" finished-at="2021-06-10T17:50:14 CEST" duration-ms="5038" status="PASS">
          <reporter-output>
          </reporter-output>
        </test-method> <!-- PersonalInfo -->
        <test-method signature="LogOut()[pri:3, instance:PersonalInfoTestNG@5ef6ae06]" started-at="2021-06-10T17:50:14 CEST" name="LogOut" finished-at="2021-06-10T17:50:15 CEST" duration-ms="946" status="PASS">
          <reporter-output>
          </reporter-output>
        </test-method> <!-- LogOut -->
        <test-method is-config="true" signature="close()[pri:0, instance:PersonalInfoTestNG@5ef6ae06]" started-at="2021-06-10T17:50:15 CEST" name="close" finished-at="2021-06-10T17:50:16 CEST" duration-ms="745" status="PASS">
          <reporter-output>
          </reporter-output>
        </test-method> <!-- close -->
      </class> <!-- PersonalInfoTestNG -->
    </test> <!-- HRProject -->
  </suite> <!-- Default Suite -->
</testng-results>
