<?xml version="1.0" encoding="UTF-8"?>
<testsuite xmlns:xsi="http://www.w3.org/2001/XMLSchema-instance" xsi:noNamespaceSchemaLocation="https://maven.apache.org/surefire/maven-surefire-plugin/xsd/surefire-test-report-3.0.xsd" version="3.0" name="TestSuite" time="37.035" tests="6" errors="0" skipped="0" failures="1">
  <properties>
[...]
</properties>
  <testcase name="LogIn" classname="PersonalInfoTest" time="4.576">
    <system-err><![CDATA[SLF4J: Failed to load class "org.slf4j.impl.StaticLoggerBinder".
SLF4J: Defaulting to no-operation (NOP) logger implementation
SLF4J: See http://www.slf4j.org/codes.html#StaticLoggerBinder for further details.
1628262225411	geckodriver	INFO	Listening on 127.0.0.1:15448
1628262226214	mozrunner::runner	INFO	Running command: "C:\\Program Files\\Mozilla Firefox\\firefox.exe" "--marionette" "-foreground" "-no-remote" "-profile" "C:\\Users\\DZIEKO~1\\AppData\\Local\\Temp\\rust_mozprofileTFFMPr"
console.error: Policies.jsm: 
  Invalid ExtensionSettings
1628262227813	Marionette	INFO	Marionette enabled
console.warn: SearchSettings: "get: No settings file exists, new profile?" (new NotFoundError("Could not open the file at C:\\Users\\dziekonskit\\AppData\\Local\\Temp\\rust_mozprofileTFFMPr\\search.json.mozlz4", (void 0)))
1628262230370	Marionette	INFO	Listening on port 49783
1628262230580	Marionette	WARN	TLS certificate errors will be ignored for this session
sie 06, 2021 5:03:50 PM org.openqa.selenium.remote.ProtocolHandshake createSession
INFO: Detected dialect: W3C
]]></system-err>
  </testcase>
  <testcase name="ItShouldBePossibleToEditEmployeeInformation" classname="PersonalInfoTest" time="8.451"/>
  <testcase name="LogOut" classname="PersonalInfoTest" time="0.93"/>
  <testcase name="LogIn" classname="BuzzTest" time="4.381">
    <system-err><![CDATA[1628262245193	Marionette	INFO	Stopped listening on port 49783

###!!! [Child][RunMessage] Error: Channel closing: too late to send/recv, messages will be lost

1628262246109	geckodriver	INFO	Listening on 127.0.0.1:20593
1628262246600	mozrunner::runner	INFO	Running command: "C:\\Program Files\\Mozilla Firefox\\firefox.exe" "--marionette" "-foreground" "-no-remote" "-profile" "C:\\Users\\DZIEKO~1\\AppData\\Local\\Temp\\rust_mozprofileWFLP6m"
console.error: Policies.jsm: 
  Invalid ExtensionSettings
1628262248293	Marionette	INFO	Marionette enabled
console.warn: SearchSettings: "get: No settings file exists, new profile?" (new NotFoundError("Could not open the file at C:\\Users\\dziekonskit\\AppData\\Local\\Temp\\rust_mozprofileWFLP6m\\search.json.mozlz4", (void 0)))
1628262250785	Marionette	INFO	Listening on port 49860
1628262250966	Marionette	WARN	TLS certificate errors will be ignored for this session
sie 06, 2021 5:04:10 PM org.openqa.selenium.remote.ProtocolHandshake createSession
INFO: Detected dialect: W3C
]]></system-err>
  </testcase>
  <testcase name="WriteAPost" classname="BuzzTest" time="2.847">
    <failure message="The following asserts failed:&#10;	Incorrect welcome message expected [true] but found [false]" type="java.lang.AssertionError"><![CDATA[java.lang.AssertionError: 
The following asserts failed:
	Incorrect welcome message expected [true] but found [false]
	at BuzzTest.WriteAPost(BuzzTest.java:36)
]]></failure>
    <system-out><![CDATA[Welcome Tom
I am in onTestFailure method WriteAPost failed
Screenshot captured for test case:WriteAPost
]]></system-out>
  </testcase>
  <testcase name="LogOut" classname="BuzzTest" time="0.791"/>
</testsuite>