-------------------------------------------------------------------------------
Test set: TestSuite
-------------------------------------------------------------------------------
Tests run: 6, Failures: 1, Errors: 0, Skipped: 0, Time elapsed: 37.035 s <<< FAILURE! - in TestSuite
BuzzTest.WriteAPost  Time elapsed: 2.847 s  <<< FAILURE!
java.lang.AssertionError: 
The following asserts failed:
	Incorrect welcome message expected [true] but found [false]
	at BuzzTest.WriteAPost(BuzzTest.java:36)

