<?xml version="1.0" encoding="UTF-8"?>
<testsuite xmlns:xsi="http://www.w3.org/2001/XMLSchema-instance" xsi:noNamespaceSchemaLocation="https://maven.apache.org/surefire/maven-surefire-plugin/xsd/surefire-test-report-3.0.xsd" version="3.0" name="TestSuite" time="108.806" tests="18" errors="0" skipped="4" failures="1">
  <properties>
[...]
</properties>
  <testcase name="LogIn" classname="PersonalInfoTest" time="5.216">
    <system-err><![CDATA[SLF4J: Failed to load class "org.slf4j.impl.StaticLoggerBinder".
SLF4J: Defaulting to no-operation (NOP) logger implementation
SLF4J: See http://www.slf4j.org/codes.html#StaticLoggerBinder for further details.
1632414891903	geckodriver	INFO	Listening on 127.0.0.1:6572
1632414892806	mozrunner::runner	INFO	Running command: "C:\\Program Files\\Mozilla Firefox\\firefox.exe" "--marionette" "-no-remote" "-profile" "C:\\Users\\DZIEKO~1\\AppData\\Local\\Temp\\rust_mozprofilerLWDR1"
console.error: Policies.jsm: 
  Invalid ExtensionSettings
1632414893742	Marionette	INFO	Marionette enabled
console.warn: SearchSettings: "get: No settings file exists, new profile?" (new NotFoundError("Could not open the file at C:\\Users\\dziekonskit\\AppData\\Local\\Temp\\rust_mozprofilerLWDR1\\search.json.mozlz4", (void 0)))
1632414896083	Marionette	INFO	Listening on port 55919
1632414896192	RemoteAgent	WARN	TLS certificate errors will be ignored for this session
wrz 23, 2021 6:34:56 PM org.openqa.selenium.remote.ProtocolHandshake createSession
INFO: Detected dialect: W3C
]]></system-err>
  </testcase>
  <testcase name="ItShouldBePossibleToEditEmployeeInformation" classname="PersonalInfoTest" time="9.235"/>
  <testcase name="LogOut" classname="PersonalInfoTest" time="1.07"/>
  <testcase name="LogIn" classname="BuzzTest" time="4.829">
    <system-err><![CDATA[1632414912317	Marionette	INFO	Stopped listening on port 55919
JavaScript error: resource:///modules/Interactions.jsm, line 230: NS_ERROR_FAILURE: Component returned failure code: 0x80004005 (NS_ERROR_FAILURE) [nsIUserIdleService.removeIdleObserver]

###!!! [Parent][RunMessage] Error: Channel closing: too late to send/recv, messages will be lost

1632414913274	geckodriver	INFO	Listening on 127.0.0.1:17257
1632414913834	mozrunner::runner	INFO	Running command: "C:\\Program Files\\Mozilla Firefox\\firefox.exe" "--marionette" "-no-remote" "-profile" "C:\\Users\\DZIEKO~1\\AppData\\Local\\Temp\\rust_mozprofilehd8ZKa"
console.error: Policies.jsm: 
  Invalid ExtensionSettings
1632414914999	Marionette	INFO	Marionette enabled
console.warn: SearchSettings: "get: No settings file exists, new profile?" (new NotFoundError("Could not open the file at C:\\Users\\dziekonskit\\AppData\\Local\\Temp\\rust_mozprofilehd8ZKa\\search.json.mozlz4", (void 0)))
1632414917262	Marionette	INFO	Listening on port 56007
1632414917729	RemoteAgent	WARN	TLS certificate errors will be ignored for this session
wrz 23, 2021 6:35:17 PM org.openqa.selenium.remote.ProtocolHandshake createSession
INFO: Detected dialect: W3C
]]></system-err>
  </testcase>
  <testcase name="itShouldBePossibleToWriteAPost" classname="BuzzTest" time="0">
    <skipped message="The following asserts failed:&#10;	Incorrect welcome message expected [true] but found [false]"/>
    <system-out><![CDATA[Welcome Tom
]]></system-out>
  </testcase>
  <testcase name="itShouldBePossibleToWriteAPost" classname="BuzzTest" time="0">
    <skipped message="The following asserts failed:&#10;	Incorrect welcome message expected [true] but found [false],&#10;	Incorrect welcome message expected [true] but found [false]"/>
    <system-out><![CDATA[Welcome Tom
]]></system-out>
  </testcase>
  <testcase name="itShouldBePossibleToWriteAPost" classname="BuzzTest" time="0">
    <skipped message="The following asserts failed:&#10;	Incorrect welcome message expected [true] but found [false],&#10;	Incorrect welcome message expected [true] but found [false],&#10;	Incorrect welcome message expected [true] but found [false]"/>
    <system-out><![CDATA[Welcome Tom
]]></system-out>
  </testcase>
  <testcase name="itShouldBePossibleToWriteAPost" classname="BuzzTest" time="0.936">
    <failure message="The following asserts failed:&#10;	Incorrect welcome message expected [true] but found [false],&#10;	Incorrect welcome message expected [true] but found [false],&#10;	Incorrect welcome message expected [true] but found [false],&#10;	Incorrect welcome message expected [true] but found [false]" type="java.lang.AssertionError"><![CDATA[java.lang.AssertionError: 
The following asserts failed:
	Incorrect welcome message expected [true] but found [false],
	Incorrect welcome message expected [true] but found [false],
	Incorrect welcome message expected [true] but found [false],
	Incorrect welcome message expected [true] but found [false]
	at BuzzTest.itShouldBePossibleToWriteAPost(BuzzTest.java:36)
]]></failure>
    <system-out><![CDATA[Welcome Tom
I am in onTestFailure method itShouldBePossibleToWriteAPost failed
Screenshot captured for test case:itShouldBePossibleToWriteAPost
]]></system-out>
  </testcase>
  <testcase name="LogOut" classname="BuzzTest" time="0">
    <skipped message="Element &lt;a href=&quot;/index.php/auth/logout&quot;&gt; could not be scrolled into view&#10;Build info: version: &apos;3.141.59&apos;, revision: &apos;e82be7d358&apos;, time: &apos;2018-11-14T08:17:03&apos;&#10;System info: host: &apos;L0427&apos;, ip: &apos;10.0.75.1&apos;, os.name: &apos;Windows 10&apos;, os.arch: &apos;amd64&apos;, os.version: &apos;10.0&apos;, java.version: &apos;1.8.0_201&apos;&#10;Driver info: org.openqa.selenium.firefox.FirefoxDriver&#10;Capabilities {acceptInsecureCerts: true, browserName: firefox, browserVersion: 92.0, javascriptEnabled: true, moz:accessibilityChecks: false, moz:buildID: 20210903235534, moz:geckodriverVersion: 0.30.0, moz:headless: false, moz:processID: 128, moz:profile: C:\Users\dziekonskit\AppDat..., moz:shutdownTimeout: 60000, moz:useNonSpecCompliantPointerOrigin: false, moz:webdriverClick: true, pageLoadStrategy: normal, platform: WINDOWS, platformName: WINDOWS, platformVersion: 10.0, proxy: Proxy(), setWindowRect: true, strictFileInteractability: false, timeouts: {implicit: 0, pageLoad: 300000, script: 30000}, unhandledPromptBehavior: dismiss and notify}&#10;Session ID: e8f44f8a-9c33-451b-9952-20002ac96a5d"/>
  </testcase>
  <testcase name="LogOut" classname="BuzzTest" time="0.854"/>
  <testcase name="itShouldNotBePossibleToLogInWithEmptyUserCredentials" classname="EmptyCredentialsTest" time="3.53">
    <system-err><![CDATA[1632414930272	Marionette	INFO	Stopped listening on port 56007
JavaScript error: resource:///modules/Interactions.jsm, line 230: NS_ERROR_FAILURE: Component returned failure code: 0x80004005 (NS_ERROR_FAILURE) [nsIUserIdleService.removeIdleObserver]

###!!! [Parent][RunMessage] Error: Channel closing: too late to send/recv, messages will be lost

1632414931471	geckodriver	INFO	Listening on 127.0.0.1:18597
1632414932031	mozrunner::runner	INFO	Running command: "C:\\Program Files\\Mozilla Firefox\\firefox.exe" "--marionette" "-no-remote" "-profile" "C:\\Users\\DZIEKO~1\\AppData\\Local\\Temp\\rust_mozprofile5wOAl6"
console.error: Policies.jsm: 
  Invalid ExtensionSettings
1632414933335	Marionette	INFO	Marionette enabled
console.warn: SearchSettings: "get: No settings file exists, new profile?" (new NotFoundError("Could not open the file at C:\\Users\\dziekonskit\\AppData\\Local\\Temp\\rust_mozprofile5wOAl6\\search.json.mozlz4", (void 0)))
1632414935620	Marionette	INFO	Listening on port 56096
1632414935964	RemoteAgent	WARN	TLS certificate errors will be ignored for this session
wrz 23, 2021 6:35:36 PM org.openqa.selenium.remote.ProtocolHandshake createSession
INFO: Detected dialect: W3C
]]></system-err>
  </testcase>
  <testcase name="ItShouldNotBePossibleToResetUserPasswordWithoutProvidingUsername" classname="EmptyPasswordResetTest" time="3.533">
    <system-err><![CDATA[1632414939877	Marionette	INFO	Stopped listening on port 56096
JavaScript error: resource:///modules/Interactions.jsm, line 230: NS_ERROR_FAILURE: Component returned failure code: 0x80004005 (NS_ERROR_FAILURE) [nsIUserIdleService.removeIdleObserver]
1632414940621	geckodriver	INFO	Listening on 127.0.0.1:12283
1632414941196	mozrunner::runner	INFO	Running command: "C:\\Program Files\\Mozilla Firefox\\firefox.exe" "--marionette" "-no-remote" "-profile" "C:\\Users\\DZIEKO~1\\AppData\\Local\\Temp\\rust_mozprofile0noLLv"
console.error: Policies.jsm: 
  Invalid ExtensionSettings
1632414942403	Marionette	INFO	Marionette enabled
console.warn: SearchSettings: "get: No settings file exists, new profile?" (new NotFoundError("Could not open the file at C:\\Users\\dziekonskit\\AppData\\Local\\Temp\\rust_mozprofile0noLLv\\search.json.mozlz4", (void 0)))
1632414944662	Marionette	INFO	Listening on port 56166
1632414945127	RemoteAgent	WARN	TLS certificate errors will be ignored for this session
wrz 23, 2021 6:35:45 PM org.openqa.selenium.remote.ProtocolHandshake createSession
INFO: Detected dialect: W3C
]]></system-err>
  </testcase>
  <testcase name="itShouldNotBePossibleToLogInWithAnInvalidUsername" classname="InvalidCredentialsTest" time="3.917">
    <system-out><![CDATA[09-23-2021 18:35:54 InvalidCredentialsTest.java DEBUG [main] InvalidCredentialsTest 24 - DEBUG TEST
]]></system-out>
    <system-err><![CDATA[1632414949096	Marionette	INFO	Stopped listening on port 56166
JavaScript error: resource:///modules/Interactions.jsm, line 230: NS_ERROR_FAILURE: Component returned failure code: 0x80004005 (NS_ERROR_FAILURE) [nsIUserIdleService.removeIdleObserver]

###!!! [Parent][RunMessage] Error: Channel closing: too late to send/recv, messages will be lost

1632414950083	geckodriver	INFO	Listening on 127.0.0.1:8198
1632414950611	mozrunner::runner	INFO	Running command: "C:\\Program Files\\Mozilla Firefox\\firefox.exe" "--marionette" "-no-remote" "-profile" "C:\\Users\\DZIEKO~1\\AppData\\Local\\Temp\\rust_mozprofileIZAMGl"
console.error: Policies.jsm: 
  Invalid ExtensionSettings
1632414951422	Marionette	INFO	Marionette enabled
console.warn: SearchSettings: "get: No settings file exists, new profile?" (new NotFoundError("Could not open the file at C:\\Users\\dziekonskit\\AppData\\Local\\Temp\\rust_mozprofileIZAMGl\\search.json.mozlz4", (void 0)))
1632414953836	Marionette	INFO	Listening on port 56226
1632414953909	RemoteAgent	WARN	TLS certificate errors will be ignored for this session
wrz 23, 2021 6:35:53 PM org.openqa.selenium.remote.ProtocolHandshake createSession
INFO: Detected dialect: W3C
]]></system-err>
  </testcase>
  <testcase name="LogIn" classname="TestNGRetryTest" time="3.807">
    <system-err><![CDATA[1632414958158	Marionette	INFO	Stopped listening on port 56226
JavaScript error: resource:///modules/Interactions.jsm, line 230: NS_ERROR_FAILURE: Component returned failure code: 0x80004005 (NS_ERROR_FAILURE) [nsIUserIdleService.removeIdleObserver]

###!!! [Parent][RunMessage] Error: Channel closing: too late to send/recv, messages will be lost

1632414959223	geckodriver	INFO	Listening on 127.0.0.1:14126
1632414959786	mozrunner::runner	INFO	Running command: "C:\\Program Files\\Mozilla Firefox\\firefox.exe" "--marionette" "-no-remote" "-profile" "C:\\Users\\DZIEKO~1\\AppData\\Local\\Temp\\rust_mozprofileTzgU0v"
console.error: Policies.jsm: 
  Invalid ExtensionSettings
1632414960907	Marionette	INFO	Marionette enabled
console.warn: SearchSettings: "get: No settings file exists, new profile?" (new NotFoundError("Could not open the file at C:\\Users\\dziekonskit\\AppData\\Local\\Temp\\rust_mozprofileTzgU0v\\search.json.mozlz4", (void 0)))
1632414963206	Marionette	INFO	Listening on port 56286
1632414963663	RemoteAgent	WARN	TLS certificate errors will be ignored for this session
wrz 23, 2021 6:36:03 PM org.openqa.selenium.remote.ProtocolHandshake createSession
INFO: Detected dialect: W3C
]]></system-err>
  </testcase>
  <testcase name="ItShouldBePossibleToResetUserPassword" classname="ValidPasswordResetTest" time="8.359">
    <system-err><![CDATA[1632414967955	geckodriver	INFO	Listening on 127.0.0.1:37796
1632414968483	mozrunner::runner	INFO	Running command: "C:\\Program Files\\Mozilla Firefox\\firefox.exe" "--marionette" "-no-remote" "-profile" "C:\\Users\\DZIEKO~1\\AppData\\Local\\Temp\\rust_mozprofilexO3b3d"
console.error: Policies.jsm: 
  Invalid ExtensionSettings
1632414969708	Marionette	INFO	Marionette enabled
console.warn: SearchSettings: "get: No settings file exists, new profile?" (new NotFoundError("Could not open the file at C:\\Users\\dziekonskit\\AppData\\Local\\Temp\\rust_mozprofilexO3b3d\\search.json.mozlz4", (void 0)))
1632414972059	Marionette	INFO	Listening on port 56354
1632414972343	RemoteAgent	WARN	TLS certificate errors will be ignored for this session
wrz 23, 2021 6:36:12 PM org.openqa.selenium.remote.ProtocolHandshake createSession
INFO: Detected dialect: W3C
]]></system-err>
  </testcase>
  <testcase name="LogIn" classname="WindowHandlingTest" time="5.991">
    <system-err><![CDATA[1632414981092	Marionette	INFO	Stopped listening on port 56354
JavaScript error: resource:///modules/Interactions.jsm, line 230: NS_ERROR_FAILURE: Component returned failure code: 0x80004005 (NS_ERROR_FAILURE) [nsIUserIdleService.removeIdleObserver]
1632414981858	geckodriver	INFO	Listening on 127.0.0.1:39781
1632414982415	mozrunner::runner	INFO	Running command: "C:\\Program Files\\Mozilla Firefox\\firefox.exe" "--marionette" "-no-remote" "-profile" "C:\\Users\\DZIEKO~1\\AppData\\Local\\Temp\\rust_mozprofile3IOoWj"
console.error: Policies.jsm: 
  Invalid ExtensionSettings
1632414983763	Marionette	INFO	Marionette enabled
console.warn: SearchSettings: "get: No settings file exists, new profile?" (new NotFoundError("Could not open the file at C:\\Users\\dziekonskit\\AppData\\Local\\Temp\\rust_mozprofile3IOoWj\\search.json.mozlz4", (void 0)))
1632414986165	Marionette	INFO	Listening on port 56431
1632414986320	RemoteAgent	WARN	TLS certificate errors will be ignored for this session
wrz 23, 2021 6:36:26 PM org.openqa.selenium.remote.ProtocolHandshake createSession
INFO: Detected dialect: W3C
]]></system-err>
  </testcase>
  <testcase name="ItShouldBePossibleToLaunchTheHelpWindow" classname="WindowHandlingTest" time="3.415">
    <system-err><![CDATA[1632414994970	Marionette	WARN	Ignoring event 'DOMContentLoaded' because document has an invalid readyState of 'complete'.
]]></system-err>
  </testcase>
  <testcase name="LogOut" classname="WindowHandlingTest" time="1.045"/>
</testsuite>