<?xml version="1.0" encoding="UTF-8"?>
<testng-results skipped="0" failed="1" ignored="0" total="6" passed="5">
  <reporter-output>
  </reporter-output>
  <suite name="OrangeHRM Testing Suite" duration-ms="35706" started-at="2021-08-06T17:03:44 CEST" finished-at="2021-08-06T17:04:20 CEST">
    <groups>
    </groups>
    <test name="Personal Info Test" duration-ms="21618" started-at="2021-08-06T17:03:44 CEST" finished-at="2021-08-06T17:04:05 CEST">
      <class name="PersonalInfoTest">
        <test-method status="PASS" signature="beforeTest()[pri:0, instance:PersonalInfoTest@2ea227af]" name="beforeTest" is-config="true" duration-ms="6568" started-at="2021-08-06T17:03:44 CEST" finished-at="2021-08-06T17:03:50 CEST">
          <reporter-output>
          </reporter-output>
        </test-method> <!-- beforeTest -->
        <test-method status="PASS" signature="LogIn()[pri:1, instance:PersonalInfoTest@2ea227af]" name="LogIn" duration-ms="4668" started-at="2021-08-06T17:03:50 CEST" description="User is logging in" finished-at="2021-08-06T17:03:55 CEST">
          <reporter-output>
          </reporter-output>
        </test-method> <!-- LogIn -->
        <test-method status="PASS" signature="ItShouldBePossibleToEditEmployeeInformation()[pri:2, instance:PersonalInfoTest@2ea227af]" name="ItShouldBePossibleToEditEmployeeInformation" duration-ms="8450" started-at="2021-08-06T17:03:55 CEST" description="User is editing Personal Information" finished-at="2021-08-06T17:04:04 CEST">
          <reporter-output>
          </reporter-output>
        </test-method> <!-- ItShouldBePossibleToEditEmployeeInformation -->
        <test-method status="PASS" signature="LogOut()[pri:3, instance:PersonalInfoTest@2ea227af]" name="LogOut" duration-ms="929" started-at="2021-08-06T17:04:04 CEST" description="User is logging out" finished-at="2021-08-06T17:04:05 CEST">
          <reporter-output>
          </reporter-output>
        </test-method> <!-- LogOut -->
        <test-method status="PASS" signature="close()[pri:0, instance:PersonalInfoTest@2ea227af]" name="close" is-config="true" duration-ms="817" started-at="2021-08-06T17:04:05 CEST" finished-at="2021-08-06T17:04:05 CEST">
          <reporter-output>
          </reporter-output>
        </test-method> <!-- close -->
      </class> <!-- PersonalInfoTest -->
    </test> <!-- Personal Info Test -->
    <test name="Writing posts Test" duration-ms="14054" started-at="2021-08-06T17:04:06 CEST" finished-at="2021-08-06T17:04:20 CEST">
      <class name="BuzzTest">
        <test-method status="PASS" signature="beforeTest()[pri:0, instance:BuzzTest@17046283]" name="beforeTest" is-config="true" duration-ms="5226" started-at="2021-08-06T17:04:06 CEST" finished-at="2021-08-06T17:04:11 CEST">
          <reporter-output>
          </reporter-output>
        </test-method> <!-- beforeTest -->
        <test-method status="PASS" signature="LogIn()[pri:1, instance:BuzzTest@17046283]" name="LogIn" duration-ms="4442" started-at="2021-08-06T17:04:11 CEST" description="User is logging in" finished-at="2021-08-06T17:04:15 CEST">
          <reporter-output>
          </reporter-output>
        </test-method> <!-- LogIn -->
        <test-method status="FAIL" signature="WriteAPost()[pri:2, instance:BuzzTest@17046283]" name="WriteAPost" duration-ms="2654" started-at="2021-08-06T17:04:15 CEST" description="User is writing a post" finished-at="2021-08-06T17:04:18 CEST">
          <exception class="java.lang.AssertionError">
            <message>
              <![CDATA[The following asserts failed:
Incorrect welcome message expected [true] but found [false]]]>
            </message>
            <full-stacktrace>
              <![CDATA[java.lang.AssertionError: The following asserts failed:
Incorrect welcome message expected [true] but found [false]
at org.testng.asserts.SoftAssert.assertAll(SoftAssert.java:47)
at org.testng.asserts.SoftAssert.assertAll(SoftAssert.java:31)
at BuzzTest.WriteAPost(BuzzTest.java:36)
at sun.reflect.NativeMethodAccessorImpl.invoke0(Native Method)
at sun.reflect.NativeMethodAccessorImpl.invoke(NativeMethodAccessorImpl.java:62)
at sun.reflect.DelegatingMethodAccessorImpl.invoke(DelegatingMethodAccessorImpl.java:43)
at java.lang.reflect.Method.invoke(Method.java:498)
at org.testng.internal.MethodInvocationHelper.invokeMethod(MethodInvocationHelper.java:133)
at org.testng.internal.TestInvoker.invokeMethod(TestInvoker.java:598)
at org.testng.internal.TestInvoker.invokeTestMethod(TestInvoker.java:173)
at org.testng.internal.MethodRunner.runInSequence(MethodRunner.java:46)
at org.testng.internal.TestInvoker$MethodInvocationAgent.invoke(TestInvoker.java:824)
at org.testng.internal.TestInvoker.invokeTestMethods(TestInvoker.java:146)
at org.testng.internal.TestMethodWorker.invokeTestMethods(TestMethodWorker.java:146)
at org.testng.internal.TestMethodWorker.run(TestMethodWorker.java:128)
at java.util.ArrayList.forEach(ArrayList.java:1257)
at org.testng.TestRunner.privateRun(TestRunner.java:794)
at org.testng.TestRunner.run(TestRunner.java:596)
at org.testng.SuiteRunner.runTest(SuiteRunner.java:377)
at org.testng.SuiteRunner.runSequentially(SuiteRunner.java:371)
at org.testng.SuiteRunner.privateRun(SuiteRunner.java:332)
at org.testng.SuiteRunner.run(SuiteRunner.java:276)
at org.testng.SuiteRunnerWorker.runSuite(SuiteRunnerWorker.java:53)
at org.testng.SuiteRunnerWorker.run(SuiteRunnerWorker.java:96)
at org.testng.TestNG.runSuitesSequentially(TestNG.java:1212)
at org.testng.TestNG.runSuitesLocally(TestNG.java:1134)
at org.testng.TestNG.runSuites(TestNG.java:1063)
at org.testng.TestNG.run(TestNG.java:1031)
at org.apache.maven.surefire.testng.TestNGExecutor.run(TestNGExecutor.java:284)
at org.apache.maven.surefire.testng.TestNGXmlTestSuite.execute(TestNGXmlTestSuite.java:75)
at org.apache.maven.surefire.testng.TestNGProvider.invoke(TestNGProvider.java:119)
at org.apache.maven.surefire.booter.ForkedBooter.runSuitesInProcess(ForkedBooter.java:428)
at org.apache.maven.surefire.booter.ForkedBooter.execute(ForkedBooter.java:162)
at org.apache.maven.surefire.booter.ForkedBooter.run(ForkedBooter.java:562)
at org.apache.maven.surefire.booter.ForkedBooter.main(ForkedBooter.java:548)
]]>
            </full-stacktrace>
          </exception> <!-- java.lang.AssertionError -->
          <reporter-output>
          </reporter-output>
        </test-method> <!-- WriteAPost -->
        <test-method status="PASS" signature="LogOut()[pri:3, instance:BuzzTest@17046283]" name="LogOut" duration-ms="792" started-at="2021-08-06T17:04:18 CEST" description="User is logging out" finished-at="2021-08-06T17:04:19 CEST">
          <reporter-output>
          </reporter-output>
        </test-method> <!-- LogOut -->
        <test-method status="PASS" signature="close()[pri:0, instance:BuzzTest@17046283]" name="close" is-config="true" duration-ms="743" started-at="2021-08-06T17:04:19 CEST" finished-at="2021-08-06T17:04:20 CEST">
          <reporter-output>
          </reporter-output>
        </test-method> <!-- close -->
      </class> <!-- BuzzTest -->
    </test> <!-- Writing posts Test -->
  </suite> <!-- OrangeHRM Testing Suite -->
</testng-results>
