-------------------------------------------------------------------------------
Test set: TestSuite
-------------------------------------------------------------------------------
Tests run: 6, Failures: 1, Errors: 0, Skipped: 0, Time elapsed: 36.426 s <<< FAILURE! - in TestSuite
PersonalInfoTest.LogIn  Time elapsed: 5.185 s  <<< FAILURE!
java.lang.AssertionError: 
The following asserts failed:
	The title is incorrect expected [true] but found [false]
	at PersonalInfoTest.LogIn(PersonalInfoTest.java:59)

